<?xml version="1.0" encoding="UTF-8"?><testsuites failures="0" name="dependency-check" tests="21"><testsuite failures="0" id="0" name="C:\Users\epats\.m2\repository\org\springframework\boot\spring-boot\2.1.12.RELEASE\spring-boot-2.1.12.RELEASE.jar" package="spring-boot-2.1.12.RELEASE.jar" skipped="0" tests="1" timestamp="2020-02-17T12:36:45.1431931"><testcase classname="dependency-check" name="spring-boot-2.1.12.RELEASE.jar"/></testsuite><testsuite failures="0" id="1" name="C:\Users\epats\.m2\repository\ch\qos\logback\logback-core\1.2.3\logback-core-1.2.3.jar" package="logback-core-1.2.3.jar" skipped="0" tests="1" timestamp="2020-02-17T12:36:45.1431931"><testcase classname="dependency-check" name="logback-core-1.2.3.jar"/></testsuite><testsuite failures="0" id="2" name="C:\Users\epats\.m2\repository\org\apache\logging\log4j\log4j-api\2.11.2\log4j-api-2.11.2.jar" package="log4j-api-2.11.2.jar" skipped="0" tests="1" timestamp="2020-02-17T12:36:45.1431931"><testcase classname="dependency-check" name="log4j-api-2.11.2.jar"/></testsuite><testsuite failures="0" id="3" name="C:\Users\epats\.m2\repository\org\slf4j\jul-to-slf4j\1.7.30\jul-to-slf4j-1.7.30.jar" package="jul-to-slf4j-1.7.30.jar" skipped="0" tests="1" timestamp="2020-02-17T12:36:45.1431931"><testcase classname="dependency-check" name="jul-to-slf4j-1.7.30.jar"/></testsuite><testsuite failures="0" id="4" name="C:\Users\epats\.m2\repository\javax\annotation\javax.annotation-api\1.3.2\javax.annotation-api-1.3.2.jar" package="javax.annotation-api-1.3.2.jar" skipped="0" tests="1" timestamp="2020-02-17T12:36:45.1431931"><testcase classname="dependency-check" name="javax.annotation-api-1.3.2.jar"/></testsuite><testsuite failures="0" id="5" name="C:\Users\epats\.m2\repository\org\yaml\snakeyaml\1.23\snakeyaml-1.23.jar" package="snakeyaml-1.23.jar" skipped="0" tests="1" timestamp="2020-02-17T12:36:45.1431931"><testcase classname="dependency-check" name="snakeyaml-1.23.jar"/></testsuite><testsuite failures="0" id="6" name="C:\Users\epats\.m2\repository\com\fasterxml\jackson\core\jackson-databind\2.9.10.2\jackson-databind-2.9.10.2.jar" package="jackson-databind-2.9.10.2.jar" skipped="0" tests="1" timestamp="2020-02-17T12:36:45.1431931"><testcase classname="dependency-check" name="jackson-databind-2.9.10.2.jar"/></testsuite><testsuite failures="0" id="7" name="C:\Users\epats\.m2\repository\com\fasterxml\jackson\core\jackson-core\2.9.10\jackson-core-2.9.10.jar" package="jackson-core-2.9.10.jar" skipped="0" tests="1" timestamp="2020-02-17T12:36:45.1431931"><testcase classname="dependency-check" name="jackson-core-2.9.10.jar"/></testsuite><testsuite failures="0" id="8" name="C:\Users\epats\.m2\repository\org\apache\tomcat\embed\tomcat-embed-core\9.0.30\tomcat-embed-core-9.0.30.jar" package="tomcat-embed-core-9.0.30.jar" skipped="0" tests="1" timestamp="2020-02-17T12:36:45.1431931"><testcase classname="dependency-check" name="tomcat-embed-core-9.0.30.jar"/></testsuite><testsuite failures="0" id="9" name="C:\Users\epats\.m2\repository\org\apache\tomcat\embed\tomcat-embed-el\9.0.30\tomcat-embed-el-9.0.30.jar" package="tomcat-embed-el-9.0.30.jar" skipped="0" tests="1" timestamp="2020-02-17T12:36:45.1431931"><testcase classname="dependency-check" name="tomcat-embed-el-9.0.30.jar"/></testsuite><testsuite failures="0" id="10" name="C:\Users\epats\.m2\repository\org\hibernate\validator\hibernate-validator\6.0.18.Final\hibernate-validator-6.0.18.Final.jar" package="hibernate-validator-6.0.18.Final.jar" skipped="0" tests="1" timestamp="2020-02-17T12:36:45.1431931"><testcase classname="dependency-check" name="hibernate-validator-6.0.18.Final.jar"/></testsuite><testsuite failures="0" id="11" name="C:\Users\epats\.m2\repository\javax\validation\validation-api\2.0.1.Final\validation-api-2.0.1.Final.jar" package="validation-api-2.0.1.Final.jar" skipped="0" tests="1" timestamp="2020-02-17T12:36:45.1431931"><testcase classname="dependency-check" name="validation-api-2.0.1.Final.jar"/></testsuite><testsuite failures="0" id="12" name="C:\Users\epats\.m2\repository\org\jboss\logging\jboss-logging\3.3.3.Final\jboss-logging-3.3.3.Final.jar" package="jboss-logging-3.3.3.Final.jar" skipped="0" tests="1" timestamp="2020-02-17T12:36:45.1431931"><testcase classname="dependency-check" name="jboss-logging-3.3.3.Final.jar"/></testsuite><testsuite failures="0" id="13" name="C:\Users\epats\.m2\repository\com\fasterxml\classmate\1.4.0\classmate-1.4.0.jar" package="classmate-1.4.0.jar" skipped="0" tests="1" timestamp="2020-02-17T12:36:45.1431931"><testcase classname="dependency-check" name="classmate-1.4.0.jar"/></testsuite><testsuite failures="0" id="14" name="C:\Users\epats\.m2\repository\org\slf4j\slf4j-api\1.7.30\slf4j-api-1.7.30.jar" package="slf4j-api-1.7.30.jar" skipped="0" tests="1" timestamp="2020-02-17T12:36:45.1431931"><testcase classname="dependency-check" name="slf4j-api-1.7.30.jar"/></testsuite><testsuite failures="0" id="15" name="C:\Users\epats\.m2\repository\org\springframework\spring-core\5.1.13.RELEASE\spring-core-5.1.13.RELEASE.jar" package="spring-core-5.1.13.RELEASE.jar" skipped="0" tests="1" timestamp="2020-02-17T12:36:45.1431931"><testcase classname="dependency-check" name="spring-core-5.1.13.RELEASE.jar"/></testsuite><testsuite failures="0" id="16" name="C:\Users\epats\.m2\repository\org\thymeleaf\thymeleaf-spring5\3.0.11.RELEASE\thymeleaf-spring5-3.0.11.RELEASE.jar" package="thymeleaf-spring5-3.0.11.RELEASE.jar" skipped="0" tests="1" timestamp="2020-02-17T12:36:45.1431931"><testcase classname="dependency-check" name="thymeleaf-spring5-3.0.11.RELEASE.jar"/></testsuite><testsuite failures="0" id="17" name="C:\Users\epats\.m2\repository\org\thymeleaf\thymeleaf\3.0.11.RELEASE\thymeleaf-3.0.11.RELEASE.jar" package="thymeleaf-3.0.11.RELEASE.jar" skipped="0" tests="1" timestamp="2020-02-17T12:36:45.1431931"><testcase classname="dependency-check" name="thymeleaf-3.0.11.RELEASE.jar"/></testsuite><testsuite failures="0" id="18" name="C:\Users\epats\.m2\repository\org\attoparser\attoparser\2.0.5.RELEASE\attoparser-2.0.5.RELEASE.jar" package="attoparser-2.0.5.RELEASE.jar" skipped="0" tests="1" timestamp="2020-02-17T12:36:45.1431931"><testcase classname="dependency-check" name="attoparser-2.0.5.RELEASE.jar"/></testsuite><testsuite failures="0" id="19" name="C:\Users\epats\.m2\repository\org\unbescape\unbescape\1.1.6.RELEASE\unbescape-1.1.6.RELEASE.jar" package="unbescape-1.1.6.RELEASE.jar" skipped="0" tests="1" timestamp="2020-02-17T12:36:45.1431931"><testcase classname="dependency-check" name="unbescape-1.1.6.RELEASE.jar"/></testsuite><testsuite failures="0" id="20" name="C:\Users\epats\.m2\repository\org\thymeleaf\extras\thymeleaf-extras-java8time\3.0.4.RELEASE\thymeleaf-extras-java8time-3.0.4.RELEASE.jar" package="thymeleaf-extras-java8time-3.0.4.RELEASE.jar" skipped="0" tests="1" timestamp="2020-02-17T12:36:45.1431931"><testcase classname="dependency-check" name="thymeleaf-extras-java8time-3.0.4.RELEASE.jar"/></testsuite></testsuites>